# JRE version: OpenJDK Runtime Environment Temurin-17.0.7+7 (17.0.7+7) (build 17.0.7+7)
# Java VM: OpenJDK 64-Bit Server VM Temurin-17.0.7+7 (17.0.7+7, mixed mode, emulated-client, tiered, compressed oops, compressed class ptrs, g1 gc, windows-amd64)
GC Precious Log:
 CPUs: 12 total, 12 available
 Memory: 16071M
 Large Page Support: Disabled
 NUMA Support: Disabled
 Compressed Oops: Enabled (Zero based)
 Heap Region Size: 2M
 Heap Min Capacity: 8M
 Heap Initial Capacity: 252M
 Heap Max Capacity: 4018M
 Pre-touch: Disabled
 Parallel Workers: 10
 Concurrent Workers: 3
 Concurrent Refinement Workers: 10
 Periodic GC: Disabled
Heap:
 garbage-first heap   total 69632K, used 20192K [0x0000000704e00000, 0x0000000800000000)
  region size 2048K, 2 young (4096K), 1 survivors (2048K)
 Metaspace       used 47418K, committed 47744K, reserved 1114112K
  class space    used 6160K, committed 6336K, reserved 1048576K
GC Heap History (20 events):
Event: 0.970 GC heap before
{Heap before GC invocations=7 (full 0):
 garbage-first heap   total 34816K, used 22931K [0x0000000704e00000, 0x0000000800000000)
  region size 2048K, 7 young (14336K), 1 survivors (2048K)
 Metaspace       used 30139K, committed 30464K, reserved 1114112K
  class space    used 3751K, committed 3904K, reserved 1048576K
}
Event: 0.971 GC heap after
{Heap after GC invocations=8 (full 0):
 garbage-first heap   total 147456K, used 11242K [0x0000000704e00000, 0x0000000800000000)
  region size 2048K, 1 young (2048K), 1 survivors (2048K)
 Metaspace       used 30139K, committed 30464K, reserved 1114112K
  class space    used 3751K, committed 3904K, reserved 1048576K
}
Event: 1.388 GC heap before
{Heap before GC invocations=8 (full 0):
 garbage-first heap   total 147456K, used 48106K [0x0000000704e00000, 0x0000000800000000)
  region size 2048K, 20 young (40960K), 1 survivors (2048K)
 Metaspace       used 35784K, committed 36096K, reserved 1114112K
  class space    used 4580K, committed 4736K, reserved 1048576K
}
Event: 1.391 GC heap after
{Heap after GC invocations=9 (full 0):
 garbage-first heap   total 147456K, used 14475K [0x0000000704e00000, 0x0000000800000000)
  region size 2048K, 3 young (6144K), 3 survivors (6144K)
 Metaspace       used 35784K, committed 36096K, reserved 1114112K
  class space    used 4580K, committed 4736K, reserved 1048576K
}
Event: 1.714 GC heap before
{Heap before GC invocations=10 (full 0):
 garbage-first heap   total 61440K, used 45195K [0x0000000704e00000, 0x0000000800000000)
  region size 2048K, 19 young (38912K), 3 survivors (6144K)
 Metaspace       used 42034K, committed 42368K, reserved 1114112K
  class space    used 5384K, committed 5568K, reserved 1048576K
}
Event: 1.717 GC heap after
{Heap after GC invocations=11 (full 0):
 garbage-first heap   total 61440K, used 17306K [0x0000000704e00000, 0x0000000800000000)
  region size 2048K, 2 young (4096K), 2 survivors (4096K)
 Metaspace       used 42034K, committed 42368K, reserved 1114112K
  class space    used 5384K, committed 5568K, reserved 1048576K
}
Event: 1.738 GC heap before
{Heap before GC invocations=11 (full 0):
 garbage-first heap   total 61440K, used 19354K [0x0000000704e00000, 0x0000000800000000)
  region size 2048K, 3 young (6144K), 2 survivors (4096K)
 Metaspace       used 42391K, committed 42688K, reserved 1114112K
  class space    used 5430K, committed 5568K, reserved 1048576K
}
Event: 1.741 GC heap after
{Heap after GC invocations=12 (full 0):
 garbage-first heap   total 61440K, used 17437K [0x0000000704e00000, 0x0000000800000000)
  region size 2048K, 1 young (2048K), 1 survivors (2048K)
 Metaspace       used 42391K, committed 42688K, reserved 1114112K
  class space    used 5430K, committed 5568K, reserved 1048576K
}
Event: 1.998 GC heap before
{Heap before GC invocations=12 (full 0):
 garbage-first heap   total 61440K, used 44061K [0x0000000704e00000, 0x0000000800000000)
  region size 2048K, 14 young (28672K), 1 survivors (2048K)
 Metaspace       used 46106K, committed 46400K, reserved 1114112K
  class space    used 5988K, committed 6144K, reserved 1048576K
}
Event: 2.001 GC heap after
{Heap after GC invocations=13 (full 0):
 garbage-first heap   total 159744K, used 19723K [0x0000000704e00000, 0x0000000800000000)
  region size 2048K, 2 young (4096K), 2 survivors (4096K)
 Metaspace       used 46106K, committed 46400K, reserved 1114112K
  class space    used 5988K, committed 6144K, reserved 1048576K
}
Event: 265.281 GC heap before
{Heap before GC invocations=13 (full 0):
 garbage-first heap   total 159744K, used 64779K [0x0000000704e00000, 0x0000000800000000)
  region size 2048K, 25 young (51200K), 2 survivors (4096K)
 Metaspace       used 47237K, committed 47616K, reserved 1114112K
  class space    used 6145K, committed 6336K, reserved 1048576K
}
Event: 265.296 GC heap after
{Heap after GC invocations=14 (full 1):
 garbage-first heap   total 69632K, used 17374K [0x0000000704e00000, 0x0000000800000000)
  region size 2048K, 0 young (0K), 0 survivors (0K)
 Metaspace       used 47237K, committed 47616K, reserved 1114112K
  class space    used 6145K, committed 6336K, reserved 1048576K
}
Event: 265.467 GC heap before
{Heap before GC invocations=14 (full 1):
 garbage-first heap   total 69632K, used 46046K [0x0000000704e00000, 0x0000000800000000)
  region size 2048K, 15 young (30720K), 0 survivors (0K)
 Metaspace       used 47296K, committed 47680K, reserved 1114112K
  class space    used 6156K, committed 6336K, reserved 1048576K
}
Event: 265.469 GC heap after
{Heap after GC invocations=15 (full 1):
 garbage-first heap   total 69632K, used 19874K [0x0000000704e00000, 0x0000000800000000)
  region size 2048K, 2 young (4096K), 2 survivors (4096K)
 Metaspace       used 47296K, committed 47680K, reserved 1114112K
  class space    used 6156K, committed 6336K, reserved 1048576K
}
Event: 270.111 GC heap before
{Heap before GC invocations=15 (full 1):
 garbage-first heap   total 69632K, used 44450K [0x0000000704e00000, 0x0000000800000000)
  region size 2048K, 15 young (30720K), 2 survivors (4096K)
 Metaspace       used 47380K, committed 47744K, reserved 1114112K
  class space    used 6166K, committed 6336K, reserved 1048576K
}
Event: 270.137 GC heap after
{Heap after GC invocations=16 (full 2):
 garbage-first heap   total 69632K, used 16825K [0x0000000704e00000, 0x0000000800000000)
  region size 2048K, 0 young (0K), 0 survivors (0K)
 Metaspace       used 47265K, committed 47744K, reserved 1114112K
  class space    used 6139K, committed 6336K, reserved 1048576K
}
Event: 270.291 GC heap before
{Heap before GC invocations=16 (full 2):
 garbage-first heap   total 69632K, used 47545K [0x0000000704e00000, 0x0000000800000000)
  region size 2048K, 15 young (30720K), 0 survivors (0K)
 Metaspace       used 47332K, committed 47744K, reserved 1114112K
  class space    used 6152K, committed 6336K, reserved 1048576K
}
Event: 270.293 GC heap after
{Heap after GC invocations=17 (full 2):
 garbage-first heap   total 69632K, used 19428K [0x0000000704e00000, 0x0000000800000000)
  region size 2048K, 2 young (4096K), 2 survivors (4096K)
 Metaspace       used 47332K, committed 47744K, reserved 1114112K
  class space    used 6152K, committed 6336K, reserved 1048576K
}
Event: 318.056 GC heap before
{Heap before GC invocations=17 (full 2):
 garbage-first heap   total 69632K, used 48100K [0x0000000704e00000, 0x0000000800000000)
  region size 2048K, 16 young (32768K), 2 survivors (4096K)
 Metaspace       used 47415K, committed 47744K, reserved 1114112K
  class space    used 6160K, committed 6336K, reserved 1048576K
}
Event: 318.059 GC heap after
{Heap after GC invocations=18 (full 2):
 garbage-first heap   total 69632K, used 20192K [0x0000000704e00000, 0x0000000800000000)
  region size 2048K, 1 young (2048K), 1 survivors (2048K)
 Metaspace       used 47415K, committed 47744K, reserved 1114112K
  class space    used 6160K, committed 6336K, reserved 1048576K
}

